<?xml version="1.0" encoding="UTF-8"?>
<robot generator="Robot 5.0.1 (Python 3.10.8 on win32)" generated="20221026 17:29:38.415" rpa="false" schemaversion="3">
<suite id="s1" name="Webtest" source="C:\Curso_Udemi\Webtest">
<suite id="s1-s1" name="Amazon Test" source="C:\Curso_Udemi\Webtest\amazon_test.robot">
<test id="s1-s1-t1" name="Cases Test 01" line="10">
<kw name="Abrir o navegador" library="amazon_resources" type="SETUP">
<kw name="open browser">
<arg>browser=chrome</arg>
<msg timestamp="20221026 17:29:40.601" level="FAIL">Multiple keywords with name 'open browser' found. Give the full name of the keyword you want to use:
    Browser.Open Browser
    SeleniumLibrary.Open Browser</msg>
<status status="FAIL" starttime="20221026 17:29:40.600" endtime="20221026 17:29:40.601"/>
</kw>
<kw name="Maximize Browser Window" library="SeleniumLibrary">
<doc>Maximizes current browser window.</doc>
<status status="NOT RUN" starttime="20221026 17:29:40.603" endtime="20221026 17:29:40.603"/>
</kw>
<status status="FAIL" starttime="20221026 17:29:40.599" endtime="20221026 17:29:40.605"/>
</kw>
<kw name="Fechar o navegador" library="amazon_resources" type="TEARDOWN">
<kw name="close browser">
<msg timestamp="20221026 17:29:40.608" level="FAIL">Multiple keywords with name 'close browser' found. Give the full name of the keyword you want to use:
    Browser.Close Browser
    SeleniumLibrary.Close Browser</msg>
<status status="FAIL" starttime="20221026 17:29:40.607" endtime="20221026 17:29:40.608"/>
</kw>
<status status="FAIL" starttime="20221026 17:29:40.606" endtime="20221026 17:29:40.608">Multiple keywords with name 'close browser' found. Give the full name of the keyword you want to use:
    Browser.Close Browser
    SeleniumLibrary.Close Browser</status>
</kw>
<doc>Esse teste verifica o menu eletrônicos do site Amazon.com.br</doc>
<tag>categorias</tag>
<tag>Menus</tag>
<status status="FAIL" starttime="20221026 17:29:40.592" endtime="20221026 17:29:40.610">Setup failed:
Multiple keywords with name 'open browser' found. Give the full name of the keyword you want to use:
    Browser.Open Browser
    SeleniumLibrary.Open Browser

Also teardown failed:
Multiple keywords with name 'close browser' found. Give the full name of the keyword you want to use:
    Browser.Close Browser
    SeleniumLibrary.Close Browser</status>
</test>
<test id="s1-s1-t2" name="Cases Test 02" line="20">
<kw name="Abrir o navegador" library="amazon_resources" type="SETUP">
<kw name="open browser">
<arg>browser=chrome</arg>
<msg timestamp="20221026 17:29:40.627" level="FAIL">Multiple keywords with name 'open browser' found. Give the full name of the keyword you want to use:
    Browser.Open Browser
    SeleniumLibrary.Open Browser</msg>
<status status="FAIL" starttime="20221026 17:29:40.627" endtime="20221026 17:29:40.627"/>
</kw>
<kw name="Maximize Browser Window" library="SeleniumLibrary">
<doc>Maximizes current browser window.</doc>
<status status="NOT RUN" starttime="20221026 17:29:40.628" endtime="20221026 17:29:40.628"/>
</kw>
<status status="FAIL" starttime="20221026 17:29:40.626" endtime="20221026 17:29:40.629"/>
</kw>
<kw name="Fechar o navegador" library="amazon_resources" type="TEARDOWN">
<kw name="close browser">
<msg timestamp="20221026 17:29:40.630" level="FAIL">Multiple keywords with name 'close browser' found. Give the full name of the keyword you want to use:
    Browser.Close Browser
    SeleniumLibrary.Close Browser</msg>
<status status="FAIL" starttime="20221026 17:29:40.630" endtime="20221026 17:29:40.630"/>
</kw>
<status status="FAIL" starttime="20221026 17:29:40.630" endtime="20221026 17:29:40.631">Multiple keywords with name 'close browser' found. Give the full name of the keyword you want to use:
    Browser.Close Browser
    SeleniumLibrary.Close Browser</status>
</kw>
<doc>Esse teste verifica a busca de um produto</doc>
<tag>Busca_produtos</tag>
<status status="FAIL" starttime="20221026 17:29:40.620" endtime="20221026 17:29:40.632">Setup failed:
Multiple keywords with name 'open browser' found. Give the full name of the keyword you want to use:
    Browser.Open Browser
    SeleniumLibrary.Open Browser

Also teardown failed:
Multiple keywords with name 'close browser' found. Give the full name of the keyword you want to use:
    Browser.Close Browser
    SeleniumLibrary.Close Browser</status>
</test>
<status status="FAIL" starttime="20221026 17:29:38.469" endtime="20221026 17:29:40.640"/>
</suite>
<status status="FAIL" starttime="20221026 17:29:38.419" endtime="20221026 17:29:40.650"/>
</suite>
<statistics>
<total>
<stat pass="0" fail="2" skip="0">All Tests</stat>
</total>
<tag>
<stat pass="0" fail="1" skip="0">Busca_produtos</stat>
<stat pass="0" fail="1" skip="0">categorias</stat>
<stat pass="0" fail="1" skip="0">Menus</stat>
</tag>
<suite>
<stat pass="0" fail="2" skip="0" id="s1" name="Webtest">Webtest</stat>
<stat pass="0" fail="2" skip="0" id="s1-s1" name="Amazon Test">Webtest.Amazon Test</stat>
</suite>
</statistics>
<errors>
<msg timestamp="20221026 17:29:38.406" level="ERROR">Error in file 'C:\Curso_Udemi\Webtest\amazon_test.robot' on line 2: Non-existing setting '[Documentation]'. Did you mean:
    Documentation</msg>
</errors>
</robot>
